<?xml version="1.0" encoding="UTF-8"?>
<testsuite xmlns:xsi="http://www.w3.org/2001/XMLSchema-instance" xsi:noNamespaceSchemaLocation="https://maven.apache.org/surefire/maven-surefire-plugin/xsd/surefire-test-report-3.0.xsd" version="3.0" name="com.turing.dsa.sorting.MergeSortRecursiveTest" time="0.036" tests="1" errors="0" skipped="0" failures="0">
  <properties>
[...]
</properties>
  <testcase name="sortMergeComplexCase" classname="com.turing.dsa.sorting.MergeSortRecursiveTest" time="0.018">
    <system-out><![CDATA[Output [2, 32, 82, 96, 102, 155, 168, 264, 352, 387, 387, 392, 438, 447, 562, 568, 602, 641, 653, 655, 707, 708, 756, 758, 920, 942, 944, 957, 968, 975]
Output [32, 74, 75, 172, 184, 188, 194, 209, 236, 254, 256, 334, 355, 407, 408, 428, 451, 460, 544, 555, 562, 571, 620, 686, 729, 861, 875, 879, 884, 951]
Output [10, 29, 155, 203, 219, 239, 292, 321, 322, 341, 558, 562, 564, 567, 571, 596, 613, 626, 675, 724, 731, 796, 801, 806, 821, 843, 893, 921, 940, 940]
Output [9, 11, 77, 100, 106, 109, 159, 176, 180, 248, 272, 298, 316, 328, 372, 429, 438, 471, 509, 528, 553, 673, 686, 746, 765, 782, 832, 876, 911, 959]
Output [2, 125, 151, 181, 186, 195, 216, 244, 265, 267, 301, 347, 353, 357, 365, 420, 435, 455, 555, 583, 610, 612, 618, 690, 715, 759, 802, 804, 844, 921]
Output [0, 22, 32, 53, 153, 212, 260, 292, 307, 335, 355, 452, 477, 480, 484, 528, 562, 590, 631, 677, 695, 710, 733, 739, 754, 782, 797, 862, 927, 966]
Output [10, 54, 65, 110, 168, 178, 187, 218, 251, 277, 361, 396, 398, 495, 507, 576, 593, 647, 657, 697, 722, 727, 730, 747, 764, 879, 919, 964, 994, 995]
Output [49, 66, 80, 144, 152, 159, 172, 216, 303, 309, 338, 409, 445, 452, 486, 507, 535, 564, 714, 818, 827, 847, 850, 861, 888, 893, 913, 921, 929, 940]
Output [30, 35, 52, 110, 116, 166, 203, 207, 212, 229, 233, 255, 276, 297, 325, 344, 446, 561, 636, 738, 755, 762, 790, 827, 832, 842, 882, 928, 929, 997]
Output [45, 56, 62, 77, 93, 103, 176, 210, 248, 277, 293, 297, 351, 385, 416, 421, 513, 556, 571, 726, 731, 748, 793, 840, 857, 872, 940, 942, 983, 988]
]]></system-out>
  </testcase>
</testsuite>